2020-11-16 13:51:57,957:INFO:PyCaret Supervised Module
2020-11-16 13:51:57,957:INFO:ML Usecase: classification
2020-11-16 13:51:57,958:INFO:version 2.2.1
2020-11-16 13:51:57,958:INFO:Initializing setup()
2020-11-16 13:51:57,958:INFO:setup(target=default, ml_usecase=classification, available_plots={'parameter': 'Hyperparameters', 'auc': 'AUC', 'confusion_matrix': 'Confusion Matrix', 'threshold': 'Threshold', 'pr': 'Precision Recall', 'error': 'Prediction Error', 'class_report': 'Class Report', 'rfe': 'Feature Selection', 'learning': 'Learning Curve', 'manifold': 'Manifold Learning', 'calibration': 'Calibration Curve', 'vc': 'Validation Curve', 'dimension': 'Dimensions', 'feature': 'Feature Importance', 'feature_all': 'Feature Importance (All)', 'boundary': 'Decision Boundary', 'lift': 'Lift Chart', 'gain': 'Gain Chart', 'tree': 'Decision Tree'}, train_size=0.7, test_data=None, preprocess=True, imputation_type=simple, iterative_imputation_iters=5, categorical_features=None, categorical_imputation=constant, categorical_iterative_imputer=lightgbm, ordinal_features=None, high_cardinality_features=None, high_cardinality_method=frequency, numeric_features=None, numeric_imputation=mean, numeric_iterative_imputer=lightgbm, date_features=None, ignore_features=None, normalize=False, normalize_method=zscore, transformation=False, transformation_method=yeo-johnson, handle_unknown_categorical=True, unknown_categorical_method=least_frequent, pca=False, pca_method=linear, pca_components=None, ignore_low_variance=False, combine_rare_levels=False, rare_level_threshold=0.1, bin_numeric_features=None, remove_outliers=False, outliers_threshold=0.05, remove_multicollinearity=False, multicollinearity_threshold=0.9, remove_perfect_collinearity=True, create_clusters=False, cluster_iter=20, polynomial_features=False, polynomial_degree=2, trigonometry_features=False, polynomial_threshold=0.1, group_features=None, group_names=None, feature_selection=False, feature_selection_threshold=0.8, feature_selection_method=classic, feature_interaction=False, feature_ratio=False, interaction_threshold=0.01, fix_imbalance=False, fix_imbalance_method=None, transform_target=False, transform_target_method=box-cox, data_split_shuffle=True, data_split_stratify=False, fold_strategy=stratifiedkfold, fold=10, fold_shuffle=False, fold_groups=None, n_jobs=-1, use_gpu=False, custom_pipeline=None, html=True, session_id=123, log_experiment=False, experiment_name=None, log_plots=False, log_profile=False, log_data=False, silent=False, verbose=True, profile=False, profile_kwargs=None, display=None)
2020-11-16 13:51:57,958:INFO:Checking environment
2020-11-16 13:51:57,958:INFO:python_version: 3.8.3
2020-11-16 13:51:57,958:INFO:python_build: ('default', 'Jul  2 2020 17:30:36')
2020-11-16 13:51:57,958:INFO:machine: AMD64
2020-11-16 13:51:57,959:INFO:platform: Windows-10-10.0.19041-SP0
2020-11-16 13:51:57,959:INFO:Memory: svmem(total=8352567296, available=2075574272, percent=75.2, used=6276993024, free=2075574272)
2020-11-16 13:51:57,959:INFO:Physical Core: 4
2020-11-16 13:51:57,959:INFO:Logical Core: 8
2020-11-16 13:51:57,959:INFO:Checking libraries
2020-11-16 13:51:57,959:INFO:pd==1.0.5
2020-11-16 13:51:57,959:INFO:numpy==1.18.5
2020-11-16 13:51:57,959:INFO:sklearn==0.23.2
2020-11-16 13:51:59,054:INFO:xgboost==1.2.1
2020-11-16 13:51:59,054:INFO:lightgbm==3.1.0
2020-11-16 13:51:59,129:INFO:catboost==0.24.2
2020-11-16 13:52:01,120:INFO:mlflow==1.12.0
2020-11-16 13:52:01,120:INFO:Checking Exceptions
2020-11-16 13:52:01,120:INFO:Declaring global variables
2020-11-16 13:52:01,120:INFO:USI: adc8
2020-11-16 13:52:01,120:INFO:pycaret_globals: {'imputation_classifier', 'X_train', 'y', 'pycaret_globals', 'n_jobs_param', 'exp_name_log', 'experiment__', 'logging_param', 'gpu_param', 'create_model_container', 'transform_target_param', '_ml_usecase', 'data_before_preprocess', 'transform_target_method_param', 'fold_generator', 'fold_groups_param', 'imputation_regressor', 'X_test', 'stratify_param', 'master_model_container', 'seed', 'fix_imbalance_param', '_all_metrics', '_all_models_internal', '_internal_pipeline', 'USI', 'html_param', 'prep_pipe', 'fold_shuffle_param', 'iterative_imputation_iters_param', 'fix_imbalance_method_param', 'target_param', 'X', 'y_train', '_all_models', 'fold_param', '_gpu_n_jobs_param', 'display_container', 'log_plots_param', 'y_test', '_available_plots'}
2020-11-16 13:52:01,120:INFO:Preparing display monitor
2020-11-16 13:52:01,120:INFO:Preparing display monitor
2020-11-16 13:52:01,135:INFO:Importing libraries
2020-11-16 13:52:01,135:INFO:Copying data for preprocessing
2020-11-16 13:52:01,155:INFO:Declaring preprocessing parameters
2020-11-16 13:52:01,160:INFO:Creating preprocessing pipeline
2020-11-16 13:52:01,215:INFO:Preprocessing pipeline created successfully
2020-11-16 13:52:01,215:ERROR:(Process Exit): setup has been interupted with user command 'quit'. setup must rerun.
2020-11-16 13:52:01,215:INFO:Creating global containers
2020-11-16 13:52:01,215:INFO:Internal pipeline: Pipeline(memory=None, steps=[('empty_step', 'passthrough')], verbose=False)
2020-11-16 14:11:03,882:INFO:PyCaret Supervised Module
2020-11-16 14:11:03,883:INFO:ML Usecase: classification
2020-11-16 14:11:03,883:INFO:version 2.2.1
2020-11-16 14:11:03,883:INFO:Initializing setup()
2020-11-16 14:11:03,883:INFO:setup(target=default, ml_usecase=classification, available_plots={'parameter': 'Hyperparameters', 'auc': 'AUC', 'confusion_matrix': 'Confusion Matrix', 'threshold': 'Threshold', 'pr': 'Precision Recall', 'error': 'Prediction Error', 'class_report': 'Class Report', 'rfe': 'Feature Selection', 'learning': 'Learning Curve', 'manifold': 'Manifold Learning', 'calibration': 'Calibration Curve', 'vc': 'Validation Curve', 'dimension': 'Dimensions', 'feature': 'Feature Importance', 'feature_all': 'Feature Importance (All)', 'boundary': 'Decision Boundary', 'lift': 'Lift Chart', 'gain': 'Gain Chart', 'tree': 'Decision Tree'}, train_size=0.7, test_data=None, preprocess=True, imputation_type=simple, iterative_imputation_iters=5, categorical_features=None, categorical_imputation=constant, categorical_iterative_imputer=lightgbm, ordinal_features=None, high_cardinality_features=None, high_cardinality_method=frequency, numeric_features=None, numeric_imputation=mean, numeric_iterative_imputer=lightgbm, date_features=None, ignore_features=None, normalize=False, normalize_method=zscore, transformation=False, transformation_method=yeo-johnson, handle_unknown_categorical=True, unknown_categorical_method=least_frequent, pca=False, pca_method=linear, pca_components=None, ignore_low_variance=False, combine_rare_levels=False, rare_level_threshold=0.1, bin_numeric_features=None, remove_outliers=False, outliers_threshold=0.05, remove_multicollinearity=False, multicollinearity_threshold=0.9, remove_perfect_collinearity=True, create_clusters=False, cluster_iter=20, polynomial_features=False, polynomial_degree=2, trigonometry_features=False, polynomial_threshold=0.1, group_features=None, group_names=None, feature_selection=False, feature_selection_threshold=0.8, feature_selection_method=classic, feature_interaction=False, feature_ratio=False, interaction_threshold=0.01, fix_imbalance=False, fix_imbalance_method=None, transform_target=False, transform_target_method=box-cox, data_split_shuffle=True, data_split_stratify=False, fold_strategy=stratifiedkfold, fold=10, fold_shuffle=False, fold_groups=None, n_jobs=-1, use_gpu=False, custom_pipeline=None, html=True, session_id=123, log_experiment=False, experiment_name=None, log_plots=False, log_profile=False, log_data=False, silent=False, verbose=True, profile=False, profile_kwargs=None, display=None)
2020-11-16 14:11:03,883:INFO:Checking environment
2020-11-16 14:11:03,883:INFO:python_version: 3.8.3
2020-11-16 14:11:03,883:INFO:python_build: ('default', 'Jul  2 2020 17:30:36')
2020-11-16 14:11:03,884:INFO:machine: AMD64
2020-11-16 14:11:03,884:INFO:platform: Windows-10-10.0.19041-SP0
2020-11-16 14:11:03,884:INFO:Memory: svmem(total=8352567296, available=3581853696, percent=57.1, used=4770713600, free=3581853696)
2020-11-16 14:11:03,884:INFO:Physical Core: 4
2020-11-16 14:11:03,884:INFO:Logical Core: 8
2020-11-16 14:11:03,884:INFO:Checking libraries
2020-11-16 14:11:03,884:INFO:pd==1.0.5
2020-11-16 14:11:03,884:INFO:numpy==1.18.5
2020-11-16 14:11:03,884:INFO:sklearn==0.23.2
2020-11-16 14:11:04,865:INFO:xgboost==1.2.1
2020-11-16 14:11:04,865:INFO:lightgbm==3.1.0
2020-11-16 14:11:04,958:INFO:catboost==0.24.2
2020-11-16 14:11:06,990:INFO:mlflow==1.12.0
2020-11-16 14:11:06,990:INFO:Checking Exceptions
2020-11-16 14:11:06,990:INFO:Declaring global variables
2020-11-16 14:11:06,990:INFO:USI: 6414
2020-11-16 14:11:06,990:INFO:pycaret_globals: {'imputation_regressor', 'X_train', 'fix_imbalance_method_param', 'transform_target_method_param', 'target_param', 'X_test', 'fix_imbalance_param', 'gpu_param', 'data_before_preprocess', 'fold_groups_param', 'transform_target_param', 'seed', 'experiment__', 'master_model_container', 'log_plots_param', 'n_jobs_param', 'display_container', 'y_train', '_all_models', 'X', '_available_plots', 'y_test', 'y', 'pycaret_globals', 'fold_generator', '_gpu_n_jobs_param', 'html_param', 'iterative_imputation_iters_param', '_all_metrics', 'stratify_param', 'logging_param', 'fold_param', 'fold_shuffle_param', 'exp_name_log', '_all_models_internal', '_internal_pipeline', 'create_model_container', 'prep_pipe', '_ml_usecase', 'USI', 'imputation_classifier'}
2020-11-16 14:11:06,990:INFO:Preparing display monitor
2020-11-16 14:11:06,990:INFO:Preparing display monitor
2020-11-16 14:11:07,006:INFO:Importing libraries
2020-11-16 14:11:07,006:INFO:Copying data for preprocessing
2020-11-16 14:11:07,021:INFO:Declaring preprocessing parameters
2020-11-16 14:11:07,035:INFO:Creating preprocessing pipeline
2020-11-16 14:11:07,110:INFO:Preprocessing pipeline created successfully
2020-11-16 14:11:07,110:ERROR:(Process Exit): setup has been interupted with user command 'quit'. setup must rerun.
2020-11-16 14:11:07,110:INFO:Creating global containers
2020-11-16 14:11:07,124:INFO:Internal pipeline: Pipeline(memory=None, steps=[('empty_step', 'passthrough')], verbose=False)
2020-11-16 14:11:11,258:INFO:Creating grid variables
2020-11-16 14:11:11,309:INFO:create_model_container: 0
2020-11-16 14:11:11,309:INFO:master_model_container: 0
2020-11-16 14:11:11,309:INFO:display_container: 0
2020-11-16 14:11:11,315:INFO:Pipeline(memory=None,
         steps=[('dtypes',
                 DataTypes_Auto_infer(categorical_features=[],
                                      display_types=True, features_todrop=[],
                                      id_columns=[],
                                      ml_usecase='classification',
                                      numerical_features=[], target='default',
                                      time_features=[])),
                ('imputer',
                 Simple_Imputer(categorical_strategy='not_available',
                                fill_value_categorical=None,
                                fill_value_numerical=None,
                                numeric_stra...
                ('scaling', 'passthrough'), ('P_transform', 'passthrough'),
                ('binn', 'passthrough'), ('rem_outliers', 'passthrough'),
                ('cluster_all', 'passthrough'),
                ('dummy', Dummify(target='default')),
                ('fix_perfect', Remove_100(target='default')),
                ('clean_names', Clean_Colum_Names()),
                ('feature_select', 'passthrough'), ('fix_multi', 'passthrough'),
                ('dfs', 'passthrough'), ('pca', 'passthrough')],
         verbose=False)
2020-11-16 14:11:11,315:INFO:setup() succesfully completed......................................
2020-11-16 14:11:31,074:INFO:Initializing compare_models()
2020-11-16 14:11:31,075:INFO:compare_models(include=None, fold=None, round=4, cross_validation=True, sort=Accuracy, n_select=1, budget_time=None, turbo=True, errors=ignore, fit_kwargs=None, groups=None, verbose=True, display=None, exclude=None)
2020-11-16 14:11:31,075:INFO:Checking exceptions
2020-11-16 14:11:31,077:INFO:Preparing display monitor
2020-11-16 14:11:31,077:INFO:Preparing display monitor
2020-11-16 14:11:31,103:INFO:Initializing Logistic Regression
2020-11-16 14:11:31,104:INFO:Total runtime is 1.665353775024414e-05 minutes
2020-11-16 14:11:31,111:INFO:SubProcess create_model() called ==================================
2020-11-16 14:11:31,112:INFO:Initializing create_model()
2020-11-16 14:11:31,112:INFO:create_model(estimator=lr, fold=StratifiedKFold(n_splits=10, random_state=123, shuffle=False), round=4, cross_validation=True, predict=True, fit_kwargs={}, groups=None, refit=False, verbose=False, system=False, metrics=None, display=<pycaret.internal.Display.Display object at 0x0000023BEF8CAAC0>, kwargs={})
2020-11-16 14:11:31,112:INFO:Checking exceptions
2020-11-16 14:11:31,112:INFO:Importing libraries
2020-11-16 14:11:31,112:INFO:Copying training dataset
2020-11-16 14:11:31,115:INFO:Defining folds
2020-11-16 14:11:31,115:INFO:Declaring metric variables
2020-11-16 14:11:31,125:INFO:Importing untrained model
2020-11-16 14:11:31,133:INFO:Logistic Regression Imported succesfully
2020-11-16 14:11:31,147:INFO:Starting cross validation
2020-11-16 14:11:31,148:INFO:Cross validating with StratifiedKFold(n_splits=10, random_state=123, shuffle=False), n_jobs=-1
2020-11-16 14:11:39,721:INFO:Calculating mean and std
2020-11-16 14:11:39,723:INFO:Creating metrics dataframe
2020-11-16 14:11:39,728:INFO:Uploading results into container
2020-11-16 14:11:39,728:INFO:Uploading model into container now
2020-11-16 14:11:39,728:INFO:create_model_container: 1
2020-11-16 14:11:39,728:INFO:master_model_container: 1
2020-11-16 14:11:39,728:INFO:display_container: 1
2020-11-16 14:11:39,729:INFO:LogisticRegression(C=1.0, class_weight=None, dual=False, fit_intercept=True,
                   intercept_scaling=1, l1_ratio=None, max_iter=1000,
                   multi_class='auto', n_jobs=None, penalty='l2',
                   random_state=123, solver='lbfgs', tol=0.0001, verbose=0,
                   warm_start=False)
2020-11-16 14:11:39,729:INFO:create_model() succesfully completed......................................
2020-11-16 14:11:39,809:INFO:SubProcess create_model() end ==================================
2020-11-16 14:11:39,809:INFO:Creating metrics dataframe
2020-11-16 14:11:39,827:INFO:Initializing K Neighbors Classifier
2020-11-16 14:11:39,827:INFO:Total runtime is 0.14540309906005858 minutes
2020-11-16 14:11:39,839:INFO:SubProcess create_model() called ==================================
2020-11-16 14:11:39,839:INFO:Initializing create_model()
2020-11-16 14:11:39,839:INFO:create_model(estimator=knn, fold=StratifiedKFold(n_splits=10, random_state=123, shuffle=False), round=4, cross_validation=True, predict=True, fit_kwargs={}, groups=None, refit=False, verbose=False, system=False, metrics=None, display=<pycaret.internal.Display.Display object at 0x0000023BEF8CAAC0>, kwargs={})
2020-11-16 14:11:39,839:INFO:Checking exceptions
2020-11-16 14:11:39,840:INFO:Importing libraries
2020-11-16 14:11:39,840:INFO:Copying training dataset
2020-11-16 14:11:39,843:INFO:Defining folds
2020-11-16 14:11:39,843:INFO:Declaring metric variables
2020-11-16 14:11:39,853:INFO:Importing untrained model
2020-11-16 14:11:39,865:INFO:K Neighbors Classifier Imported succesfully
2020-11-16 14:11:39,892:INFO:Starting cross validation
2020-11-16 14:11:39,893:INFO:Cross validating with StratifiedKFold(n_splits=10, random_state=123, shuffle=False), n_jobs=-1
2020-11-16 14:11:44,011:INFO:Calculating mean and std
2020-11-16 14:11:44,011:INFO:Creating metrics dataframe
2020-11-16 14:11:44,033:INFO:Uploading results into container
2020-11-16 14:11:44,033:INFO:Uploading model into container now
2020-11-16 14:11:44,034:INFO:create_model_container: 2
2020-11-16 14:11:44,034:INFO:master_model_container: 2
2020-11-16 14:11:44,034:INFO:display_container: 1
2020-11-16 14:11:44,034:INFO:KNeighborsClassifier(algorithm='auto', leaf_size=30, metric='minkowski',
                     metric_params=None, n_jobs=-1, n_neighbors=5, p=2,
                     weights='uniform')
2020-11-16 14:11:44,035:INFO:create_model() succesfully completed......................................
2020-11-16 14:11:44,112:INFO:SubProcess create_model() end ==================================
2020-11-16 14:11:44,112:INFO:Creating metrics dataframe
2020-11-16 14:11:44,143:INFO:Initializing Naive Bayes
2020-11-16 14:11:44,143:INFO:Total runtime is 0.21734524170557656 minutes
2020-11-16 14:11:44,169:INFO:SubProcess create_model() called ==================================
2020-11-16 14:11:44,170:INFO:Initializing create_model()
2020-11-16 14:11:44,170:INFO:create_model(estimator=nb, fold=StratifiedKFold(n_splits=10, random_state=123, shuffle=False), round=4, cross_validation=True, predict=True, fit_kwargs={}, groups=None, refit=False, verbose=False, system=False, metrics=None, display=<pycaret.internal.Display.Display object at 0x0000023BEF8CAAC0>, kwargs={})
2020-11-16 14:11:44,170:INFO:Checking exceptions
2020-11-16 14:11:44,170:INFO:Importing libraries
2020-11-16 14:11:44,170:INFO:Copying training dataset
2020-11-16 14:11:44,176:INFO:Defining folds
2020-11-16 14:11:44,177:INFO:Declaring metric variables
2020-11-16 14:11:44,192:INFO:Importing untrained model
2020-11-16 14:11:44,206:INFO:Naive Bayes Imported succesfully
2020-11-16 14:11:44,234:INFO:Starting cross validation
2020-11-16 14:11:44,234:INFO:Cross validating with StratifiedKFold(n_splits=10, random_state=123, shuffle=False), n_jobs=-1
2020-11-16 14:11:44,499:INFO:Calculating mean and std
2020-11-16 14:11:44,501:INFO:Creating metrics dataframe
2020-11-16 14:11:44,509:INFO:Uploading results into container
2020-11-16 14:11:44,510:INFO:Uploading model into container now
2020-11-16 14:11:44,510:INFO:create_model_container: 3
2020-11-16 14:11:44,510:INFO:master_model_container: 3
2020-11-16 14:11:44,510:INFO:display_container: 1
2020-11-16 14:11:44,510:INFO:GaussianNB(priors=None, var_smoothing=1e-09)
2020-11-16 14:11:44,510:INFO:create_model() succesfully completed......................................
2020-11-16 14:11:44,598:INFO:SubProcess create_model() end ==================================
2020-11-16 14:11:44,598:INFO:Creating metrics dataframe
2020-11-16 14:11:44,626:INFO:Initializing Decision Tree Classifier
2020-11-16 14:11:44,626:INFO:Total runtime is 0.2253839572270711 minutes
2020-11-16 14:11:44,638:INFO:SubProcess create_model() called ==================================
2020-11-16 14:11:44,639:INFO:Initializing create_model()
2020-11-16 14:11:44,639:INFO:create_model(estimator=dt, fold=StratifiedKFold(n_splits=10, random_state=123, shuffle=False), round=4, cross_validation=True, predict=True, fit_kwargs={}, groups=None, refit=False, verbose=False, system=False, metrics=None, display=<pycaret.internal.Display.Display object at 0x0000023BEF8CAAC0>, kwargs={})
2020-11-16 14:11:44,639:INFO:Checking exceptions
2020-11-16 14:11:44,639:INFO:Importing libraries
2020-11-16 14:11:44,639:INFO:Copying training dataset
2020-11-16 14:11:44,643:INFO:Defining folds
2020-11-16 14:11:44,643:INFO:Declaring metric variables
2020-11-16 14:11:44,656:INFO:Importing untrained model
2020-11-16 14:11:44,671:INFO:Decision Tree Classifier Imported succesfully
2020-11-16 14:11:44,700:INFO:Starting cross validation
2020-11-16 14:11:44,700:INFO:Cross validating with StratifiedKFold(n_splits=10, random_state=123, shuffle=False), n_jobs=-1
2020-11-16 14:11:46,706:INFO:Calculating mean and std
2020-11-16 14:11:46,708:INFO:Creating metrics dataframe
2020-11-16 14:11:46,714:INFO:Uploading results into container
2020-11-16 14:11:46,714:INFO:Uploading model into container now
2020-11-16 14:11:46,714:INFO:create_model_container: 4
2020-11-16 14:11:46,714:INFO:master_model_container: 4
2020-11-16 14:11:46,714:INFO:display_container: 1
2020-11-16 14:11:46,715:INFO:DecisionTreeClassifier(ccp_alpha=0.0, class_weight=None, criterion='gini',
                       max_depth=None, max_features=None, max_leaf_nodes=None,
                       min_impurity_decrease=0.0, min_impurity_split=None,
                       min_samples_leaf=1, min_samples_split=2,
                       min_weight_fraction_leaf=0.0, presort='deprecated',
                       random_state=123, splitter='best')
2020-11-16 14:11:46,715:INFO:create_model() succesfully completed......................................
2020-11-16 14:11:46,788:INFO:SubProcess create_model() end ==================================
2020-11-16 14:11:46,788:INFO:Creating metrics dataframe
2020-11-16 14:11:46,815:INFO:Initializing SVM - Linear Kernel
2020-11-16 14:11:46,816:INFO:Total runtime is 0.26188281377156575 minutes
2020-11-16 14:11:46,828:INFO:SubProcess create_model() called ==================================
2020-11-16 14:11:46,828:INFO:Initializing create_model()
2020-11-16 14:11:46,828:INFO:create_model(estimator=svm, fold=StratifiedKFold(n_splits=10, random_state=123, shuffle=False), round=4, cross_validation=True, predict=True, fit_kwargs={}, groups=None, refit=False, verbose=False, system=False, metrics=None, display=<pycaret.internal.Display.Display object at 0x0000023BEF8CAAC0>, kwargs={})
2020-11-16 14:11:46,829:INFO:Checking exceptions
2020-11-16 14:11:46,829:INFO:Importing libraries
2020-11-16 14:11:46,829:INFO:Copying training dataset
2020-11-16 14:11:46,832:INFO:Defining folds
2020-11-16 14:11:46,832:INFO:Declaring metric variables
2020-11-16 14:11:46,845:INFO:Importing untrained model
2020-11-16 14:11:46,856:INFO:SVM - Linear Kernel Imported succesfully
2020-11-16 14:11:46,880:INFO:Starting cross validation
2020-11-16 14:11:46,880:INFO:Cross validating with StratifiedKFold(n_splits=10, random_state=123, shuffle=False), n_jobs=-1
2020-11-16 14:11:48,808:INFO:Calculating mean and std
2020-11-16 14:11:48,810:INFO:Creating metrics dataframe
2020-11-16 14:11:48,816:INFO:Uploading results into container
2020-11-16 14:11:48,817:INFO:Uploading model into container now
2020-11-16 14:11:48,817:INFO:create_model_container: 5
2020-11-16 14:11:48,817:INFO:master_model_container: 5
2020-11-16 14:11:48,817:INFO:display_container: 1
2020-11-16 14:11:48,818:INFO:SGDClassifier(alpha=0.0001, average=False, class_weight=None,
              early_stopping=False, epsilon=0.1, eta0=0.001, fit_intercept=True,
              l1_ratio=0.15, learning_rate='optimal', loss='hinge',
              max_iter=1000, n_iter_no_change=5, n_jobs=-1, penalty='l2',
              power_t=0.5, random_state=123, shuffle=True, tol=0.001,
              validation_fraction=0.1, verbose=0, warm_start=False)
2020-11-16 14:11:48,818:INFO:create_model() succesfully completed......................................
2020-11-16 14:11:48,893:INFO:SubProcess create_model() end ==================================
2020-11-16 14:11:48,893:INFO:Creating metrics dataframe
2020-11-16 14:11:48,923:INFO:Initializing Ridge Classifier
2020-11-16 14:11:48,923:INFO:Total runtime is 0.2970091899236043 minutes
2020-11-16 14:11:48,933:INFO:SubProcess create_model() called ==================================
2020-11-16 14:11:48,934:INFO:Initializing create_model()
2020-11-16 14:11:48,934:INFO:create_model(estimator=ridge, fold=StratifiedKFold(n_splits=10, random_state=123, shuffle=False), round=4, cross_validation=True, predict=True, fit_kwargs={}, groups=None, refit=False, verbose=False, system=False, metrics=None, display=<pycaret.internal.Display.Display object at 0x0000023BEF8CAAC0>, kwargs={})
2020-11-16 14:11:48,934:INFO:Checking exceptions
2020-11-16 14:11:48,935:INFO:Importing libraries
2020-11-16 14:11:48,935:INFO:Copying training dataset
2020-11-16 14:11:48,938:INFO:Defining folds
2020-11-16 14:11:48,938:INFO:Declaring metric variables
2020-11-16 14:11:48,954:INFO:Importing untrained model
2020-11-16 14:11:48,967:INFO:Ridge Classifier Imported succesfully
2020-11-16 14:11:48,991:INFO:Starting cross validation
2020-11-16 14:11:48,991:INFO:Cross validating with StratifiedKFold(n_splits=10, random_state=123, shuffle=False), n_jobs=-1
2020-11-16 14:11:49,362:INFO:Calculating mean and std
2020-11-16 14:11:49,364:INFO:Creating metrics dataframe
2020-11-16 14:11:49,368:INFO:Uploading results into container
2020-11-16 14:11:49,369:INFO:Uploading model into container now
2020-11-16 14:11:49,369:INFO:create_model_container: 6
2020-11-16 14:11:49,369:INFO:master_model_container: 6
2020-11-16 14:11:49,369:INFO:display_container: 1
2020-11-16 14:11:49,370:INFO:RidgeClassifier(alpha=1.0, class_weight=None, copy_X=True, fit_intercept=True,
                max_iter=None, normalize=False, random_state=123, solver='auto',
                tol=0.001)
2020-11-16 14:11:49,370:INFO:create_model() succesfully completed......................................
2020-11-16 14:11:49,446:INFO:SubProcess create_model() end ==================================
2020-11-16 14:11:49,446:INFO:Creating metrics dataframe
2020-11-16 14:11:49,482:INFO:Initializing Random Forest Classifier
2020-11-16 14:11:49,482:INFO:Total runtime is 0.30632862250010173 minutes
2020-11-16 14:11:49,493:INFO:SubProcess create_model() called ==================================
2020-11-16 14:11:49,494:INFO:Initializing create_model()
2020-11-16 14:11:49,494:INFO:create_model(estimator=rf, fold=StratifiedKFold(n_splits=10, random_state=123, shuffle=False), round=4, cross_validation=True, predict=True, fit_kwargs={}, groups=None, refit=False, verbose=False, system=False, metrics=None, display=<pycaret.internal.Display.Display object at 0x0000023BEF8CAAC0>, kwargs={})
2020-11-16 14:11:49,494:INFO:Checking exceptions
2020-11-16 14:11:49,494:INFO:Importing libraries
2020-11-16 14:11:49,494:INFO:Copying training dataset
2020-11-16 14:11:49,497:INFO:Defining folds
2020-11-16 14:11:49,497:INFO:Declaring metric variables
2020-11-16 14:11:49,509:INFO:Importing untrained model
2020-11-16 14:11:49,523:INFO:Random Forest Classifier Imported succesfully
2020-11-16 14:11:49,545:INFO:Starting cross validation
2020-11-16 14:11:49,546:INFO:Cross validating with StratifiedKFold(n_splits=10, random_state=123, shuffle=False), n_jobs=-1
2020-11-16 14:12:00,521:INFO:Calculating mean and std
2020-11-16 14:12:00,522:INFO:Creating metrics dataframe
2020-11-16 14:12:00,528:INFO:Uploading results into container
2020-11-16 14:12:00,528:INFO:Uploading model into container now
2020-11-16 14:12:00,528:INFO:create_model_container: 7
2020-11-16 14:12:00,529:INFO:master_model_container: 7
2020-11-16 14:12:00,529:INFO:display_container: 1
2020-11-16 14:12:00,529:INFO:RandomForestClassifier(bootstrap=True, ccp_alpha=0.0, class_weight=None,
                       criterion='gini', max_depth=None, max_features='auto',
                       max_leaf_nodes=None, max_samples=None,
                       min_impurity_decrease=0.0, min_impurity_split=None,
                       min_samples_leaf=1, min_samples_split=2,
                       min_weight_fraction_leaf=0.0, n_estimators=100,
                       n_jobs=-1, oob_score=False, random_state=123, verbose=0,
                       warm_start=False)
2020-11-16 14:12:00,529:INFO:create_model() succesfully completed......................................
2020-11-16 14:12:00,611:INFO:SubProcess create_model() end ==================================
2020-11-16 14:12:00,612:INFO:Creating metrics dataframe
2020-11-16 14:12:00,653:INFO:Initializing Quadratic Discriminant Analysis
2020-11-16 14:12:00,653:INFO:Total runtime is 0.4925008257230123 minutes
2020-11-16 14:12:00,667:INFO:SubProcess create_model() called ==================================
2020-11-16 14:12:00,668:INFO:Initializing create_model()
2020-11-16 14:12:00,668:INFO:create_model(estimator=qda, fold=StratifiedKFold(n_splits=10, random_state=123, shuffle=False), round=4, cross_validation=True, predict=True, fit_kwargs={}, groups=None, refit=False, verbose=False, system=False, metrics=None, display=<pycaret.internal.Display.Display object at 0x0000023BEF8CAAC0>, kwargs={})
2020-11-16 14:12:00,668:INFO:Checking exceptions
2020-11-16 14:12:00,668:INFO:Importing libraries
2020-11-16 14:12:00,668:INFO:Copying training dataset
2020-11-16 14:12:00,671:INFO:Defining folds
2020-11-16 14:12:00,671:INFO:Declaring metric variables
2020-11-16 14:12:00,682:INFO:Importing untrained model
2020-11-16 14:12:00,697:INFO:Quadratic Discriminant Analysis Imported succesfully
2020-11-16 14:12:00,723:INFO:Starting cross validation
2020-11-16 14:12:00,724:INFO:Cross validating with StratifiedKFold(n_splits=10, random_state=123, shuffle=False), n_jobs=-1
2020-11-16 14:12:01,631:INFO:Calculating mean and std
2020-11-16 14:12:01,632:INFO:Creating metrics dataframe
2020-11-16 14:12:01,637:INFO:Uploading results into container
2020-11-16 14:12:01,637:INFO:Uploading model into container now
2020-11-16 14:12:01,637:INFO:create_model_container: 8
2020-11-16 14:12:01,638:INFO:master_model_container: 8
2020-11-16 14:12:01,638:INFO:display_container: 1
2020-11-16 14:12:01,638:INFO:QuadraticDiscriminantAnalysis(priors=None, reg_param=0.0,
                              store_covariance=False, tol=0.0001)
2020-11-16 14:12:01,638:INFO:create_model() succesfully completed......................................
2020-11-16 14:12:01,713:INFO:SubProcess create_model() end ==================================
2020-11-16 14:12:01,713:INFO:Creating metrics dataframe
2020-11-16 14:12:01,756:INFO:Initializing Ada Boost Classifier
2020-11-16 14:12:01,756:INFO:Total runtime is 0.5108798782030741 minutes
2020-11-16 14:12:01,771:INFO:SubProcess create_model() called ==================================
2020-11-16 14:12:01,771:INFO:Initializing create_model()
2020-11-16 14:12:01,771:INFO:create_model(estimator=ada, fold=StratifiedKFold(n_splits=10, random_state=123, shuffle=False), round=4, cross_validation=True, predict=True, fit_kwargs={}, groups=None, refit=False, verbose=False, system=False, metrics=None, display=<pycaret.internal.Display.Display object at 0x0000023BEF8CAAC0>, kwargs={})
2020-11-16 14:12:01,771:INFO:Checking exceptions
2020-11-16 14:12:01,772:INFO:Importing libraries
2020-11-16 14:12:01,772:INFO:Copying training dataset
2020-11-16 14:12:01,775:INFO:Defining folds
2020-11-16 14:12:01,775:INFO:Declaring metric variables
2020-11-16 14:12:01,789:INFO:Importing untrained model
2020-11-16 14:12:01,801:INFO:Ada Boost Classifier Imported succesfully
2020-11-16 14:12:01,825:INFO:Starting cross validation
2020-11-16 14:12:01,826:INFO:Cross validating with StratifiedKFold(n_splits=10, random_state=123, shuffle=False), n_jobs=-1
2020-11-16 14:12:08,288:INFO:Calculating mean and std
2020-11-16 14:12:08,290:INFO:Creating metrics dataframe
2020-11-16 14:12:08,295:INFO:Uploading results into container
2020-11-16 14:12:08,295:INFO:Uploading model into container now
2020-11-16 14:12:08,295:INFO:create_model_container: 9
2020-11-16 14:12:08,295:INFO:master_model_container: 9
2020-11-16 14:12:08,295:INFO:display_container: 1
2020-11-16 14:12:08,295:INFO:AdaBoostClassifier(algorithm='SAMME.R', base_estimator=None, learning_rate=1.0,
                   n_estimators=50, random_state=123)
2020-11-16 14:12:08,295:INFO:create_model() succesfully completed......................................
2020-11-16 14:12:08,366:INFO:SubProcess create_model() end ==================================
2020-11-16 14:12:08,367:INFO:Creating metrics dataframe
2020-11-16 14:12:08,415:INFO:Initializing Gradient Boosting Classifier
2020-11-16 14:12:08,415:INFO:Total runtime is 0.6218643347422281 minutes
2020-11-16 14:12:08,427:INFO:SubProcess create_model() called ==================================
2020-11-16 14:12:08,428:INFO:Initializing create_model()
2020-11-16 14:12:08,428:INFO:create_model(estimator=gbc, fold=StratifiedKFold(n_splits=10, random_state=123, shuffle=False), round=4, cross_validation=True, predict=True, fit_kwargs={}, groups=None, refit=False, verbose=False, system=False, metrics=None, display=<pycaret.internal.Display.Display object at 0x0000023BEF8CAAC0>, kwargs={})
2020-11-16 14:12:08,428:INFO:Checking exceptions
2020-11-16 14:12:08,428:INFO:Importing libraries
2020-11-16 14:12:08,428:INFO:Copying training dataset
2020-11-16 14:12:08,431:INFO:Defining folds
2020-11-16 14:12:08,431:INFO:Declaring metric variables
2020-11-16 14:12:08,446:INFO:Importing untrained model
2020-11-16 14:12:08,459:INFO:Gradient Boosting Classifier Imported succesfully
2020-11-16 14:12:08,486:INFO:Starting cross validation
2020-11-16 14:12:08,486:INFO:Cross validating with StratifiedKFold(n_splits=10, random_state=123, shuffle=False), n_jobs=-1
2020-11-16 14:12:35,206:INFO:Calculating mean and std
2020-11-16 14:12:35,207:INFO:Creating metrics dataframe
2020-11-16 14:12:35,212:INFO:Uploading results into container
2020-11-16 14:12:35,212:INFO:Uploading model into container now
2020-11-16 14:12:35,212:INFO:create_model_container: 10
2020-11-16 14:12:35,212:INFO:master_model_container: 10
2020-11-16 14:12:35,212:INFO:display_container: 1
2020-11-16 14:12:35,213:INFO:GradientBoostingClassifier(ccp_alpha=0.0, criterion='friedman_mse', init=None,
                           learning_rate=0.1, loss='deviance', max_depth=3,
                           max_features=None, max_leaf_nodes=None,
                           min_impurity_decrease=0.0, min_impurity_split=None,
                           min_samples_leaf=1, min_samples_split=2,
                           min_weight_fraction_leaf=0.0, n_estimators=100,
                           n_iter_no_change=None, presort='deprecated',
                           random_state=123, subsample=1.0, tol=0.0001,
                           validation_fraction=0.1, verbose=0,
                           warm_start=False)
2020-11-16 14:12:35,213:INFO:create_model() succesfully completed......................................
2020-11-16 14:12:35,288:INFO:SubProcess create_model() end ==================================
2020-11-16 14:12:35,288:INFO:Creating metrics dataframe
2020-11-16 14:12:35,331:INFO:Initializing Linear Discriminant Analysis
2020-11-16 14:12:35,331:INFO:Total runtime is 1.0704696615537008 minutes
2020-11-16 14:12:35,341:INFO:SubProcess create_model() called ==================================
2020-11-16 14:12:35,342:INFO:Initializing create_model()
2020-11-16 14:12:35,342:INFO:create_model(estimator=lda, fold=StratifiedKFold(n_splits=10, random_state=123, shuffle=False), round=4, cross_validation=True, predict=True, fit_kwargs={}, groups=None, refit=False, verbose=False, system=False, metrics=None, display=<pycaret.internal.Display.Display object at 0x0000023BEF8CAAC0>, kwargs={})
2020-11-16 14:12:35,342:INFO:Checking exceptions
2020-11-16 14:12:35,342:INFO:Importing libraries
2020-11-16 14:12:35,342:INFO:Copying training dataset
2020-11-16 14:12:35,346:INFO:Defining folds
2020-11-16 14:12:35,346:INFO:Declaring metric variables
2020-11-16 14:12:35,358:INFO:Importing untrained model
2020-11-16 14:12:35,369:INFO:Linear Discriminant Analysis Imported succesfully
2020-11-16 14:12:35,398:INFO:Starting cross validation
2020-11-16 14:12:35,398:INFO:Cross validating with StratifiedKFold(n_splits=10, random_state=123, shuffle=False), n_jobs=-1
2020-11-16 14:12:36,955:INFO:Calculating mean and std
2020-11-16 14:12:36,956:INFO:Creating metrics dataframe
2020-11-16 14:12:36,964:INFO:Uploading results into container
2020-11-16 14:12:36,964:INFO:Uploading model into container now
2020-11-16 14:12:36,964:INFO:create_model_container: 11
2020-11-16 14:12:36,964:INFO:master_model_container: 11
2020-11-16 14:12:36,964:INFO:display_container: 1
2020-11-16 14:12:36,965:INFO:LinearDiscriminantAnalysis(n_components=None, priors=None, shrinkage=None,
                           solver='svd', store_covariance=False, tol=0.0001)
2020-11-16 14:12:36,965:INFO:create_model() succesfully completed......................................
2020-11-16 14:12:37,042:INFO:SubProcess create_model() end ==================================
2020-11-16 14:12:37,042:INFO:Creating metrics dataframe
2020-11-16 14:12:37,096:INFO:Initializing Extra Trees Classifier
2020-11-16 14:12:37,096:INFO:Total runtime is 1.0998884081840516 minutes
2020-11-16 14:12:37,111:INFO:SubProcess create_model() called ==================================
2020-11-16 14:12:37,112:INFO:Initializing create_model()
2020-11-16 14:12:37,112:INFO:create_model(estimator=et, fold=StratifiedKFold(n_splits=10, random_state=123, shuffle=False), round=4, cross_validation=True, predict=True, fit_kwargs={}, groups=None, refit=False, verbose=False, system=False, metrics=None, display=<pycaret.internal.Display.Display object at 0x0000023BEF8CAAC0>, kwargs={})
2020-11-16 14:12:37,112:INFO:Checking exceptions
2020-11-16 14:12:37,112:INFO:Importing libraries
2020-11-16 14:12:37,112:INFO:Copying training dataset
2020-11-16 14:12:37,115:INFO:Defining folds
2020-11-16 14:12:37,115:INFO:Declaring metric variables
2020-11-16 14:12:37,129:INFO:Importing untrained model
2020-11-16 14:12:37,145:INFO:Extra Trees Classifier Imported succesfully
2020-11-16 14:12:37,169:INFO:Starting cross validation
2020-11-16 14:12:37,169:INFO:Cross validating with StratifiedKFold(n_splits=10, random_state=123, shuffle=False), n_jobs=-1
2020-11-16 14:12:47,558:INFO:Calculating mean and std
2020-11-16 14:12:47,560:INFO:Creating metrics dataframe
2020-11-16 14:12:47,570:INFO:Uploading results into container
2020-11-16 14:12:47,570:INFO:Uploading model into container now
2020-11-16 14:12:47,570:INFO:create_model_container: 12
2020-11-16 14:12:47,571:INFO:master_model_container: 12
2020-11-16 14:12:47,571:INFO:display_container: 1
2020-11-16 14:12:47,572:INFO:ExtraTreesClassifier(bootstrap=False, ccp_alpha=0.0, class_weight=None,
                     criterion='gini', max_depth=None, max_features='auto',
                     max_leaf_nodes=None, max_samples=None,
                     min_impurity_decrease=0.0, min_impurity_split=None,
                     min_samples_leaf=1, min_samples_split=2,
                     min_weight_fraction_leaf=0.0, n_estimators=100, n_jobs=-1,
                     oob_score=False, random_state=123, verbose=0,
                     warm_start=False)
2020-11-16 14:12:47,572:INFO:create_model() succesfully completed......................................
2020-11-16 14:12:47,669:INFO:SubProcess create_model() end ==================================
2020-11-16 14:12:47,669:INFO:Creating metrics dataframe
2020-11-16 14:12:47,735:INFO:Initializing Extreme Gradient Boosting
2020-11-16 14:12:47,735:INFO:Total runtime is 1.2771982630093894 minutes
2020-11-16 14:12:47,748:INFO:SubProcess create_model() called ==================================
2020-11-16 14:12:47,749:INFO:Initializing create_model()
2020-11-16 14:12:47,749:INFO:create_model(estimator=xgboost, fold=StratifiedKFold(n_splits=10, random_state=123, shuffle=False), round=4, cross_validation=True, predict=True, fit_kwargs={}, groups=None, refit=False, verbose=False, system=False, metrics=None, display=<pycaret.internal.Display.Display object at 0x0000023BEF8CAAC0>, kwargs={})
2020-11-16 14:12:47,749:INFO:Checking exceptions
2020-11-16 14:12:47,749:INFO:Importing libraries
2020-11-16 14:12:47,749:INFO:Copying training dataset
2020-11-16 14:12:47,753:INFO:Defining folds
2020-11-16 14:12:47,753:INFO:Declaring metric variables
2020-11-16 14:12:47,769:INFO:Importing untrained model
2020-11-16 14:12:47,786:INFO:Extreme Gradient Boosting Imported succesfully
2020-11-16 14:12:47,816:INFO:Starting cross validation
2020-11-16 14:12:47,817:INFO:Cross validating with StratifiedKFold(n_splits=10, random_state=123, shuffle=False), n_jobs=-1
2020-11-16 14:13:15,403:INFO:Calculating mean and std
2020-11-16 14:13:15,405:INFO:Creating metrics dataframe
2020-11-16 14:13:15,409:INFO:Uploading results into container
2020-11-16 14:13:15,410:INFO:Uploading model into container now
2020-11-16 14:13:15,410:INFO:create_model_container: 13
2020-11-16 14:13:15,410:INFO:master_model_container: 13
2020-11-16 14:13:15,410:INFO:display_container: 1
2020-11-16 14:13:15,411:INFO:XGBClassifier(base_score=None, booster='gbtree', colsample_bylevel=None,
              colsample_bynode=None, colsample_bytree=None, gamma=None,
              gpu_id=None, importance_type='gain', interaction_constraints=None,
              learning_rate=None, max_delta_step=None, max_depth=None,
              min_child_weight=None, missing=nan, monotone_constraints=None,
              n_estimators=100, n_jobs=-1, num_parallel_tree=None,
              objective='binary:logistic', random_state=123, reg_alpha=None,
              reg_lambda=None, scale_pos_weight=None, subsample=None,
              tree_method='auto', validate_parameters=None, verbosity=0)
2020-11-16 14:13:15,411:INFO:create_model() succesfully completed......................................
2020-11-16 14:13:15,486:INFO:SubProcess create_model() end ==================================
2020-11-16 14:13:15,486:INFO:Creating metrics dataframe
2020-11-16 14:13:15,542:INFO:Initializing Light Gradient Boosting Machine
2020-11-16 14:13:15,542:INFO:Total runtime is 1.7406512300173445 minutes
2020-11-16 14:13:15,555:INFO:SubProcess create_model() called ==================================
2020-11-16 14:13:15,555:INFO:Initializing create_model()
2020-11-16 14:13:15,555:INFO:create_model(estimator=lightgbm, fold=StratifiedKFold(n_splits=10, random_state=123, shuffle=False), round=4, cross_validation=True, predict=True, fit_kwargs={}, groups=None, refit=False, verbose=False, system=False, metrics=None, display=<pycaret.internal.Display.Display object at 0x0000023BEF8CAAC0>, kwargs={})
2020-11-16 14:13:15,555:INFO:Checking exceptions
2020-11-16 14:13:15,555:INFO:Importing libraries
2020-11-16 14:13:15,555:INFO:Copying training dataset
2020-11-16 14:13:15,558:INFO:Defining folds
2020-11-16 14:13:15,559:INFO:Declaring metric variables
2020-11-16 14:13:15,569:INFO:Importing untrained model
2020-11-16 14:13:15,581:INFO:Light Gradient Boosting Machine Imported succesfully
2020-11-16 14:13:15,607:INFO:Starting cross validation
2020-11-16 14:13:15,607:INFO:Cross validating with StratifiedKFold(n_splits=10, random_state=123, shuffle=False), n_jobs=-1
2020-11-16 14:13:17,689:INFO:Calculating mean and std
2020-11-16 14:13:17,691:INFO:Creating metrics dataframe
2020-11-16 14:13:17,696:INFO:Uploading results into container
2020-11-16 14:13:17,696:INFO:Uploading model into container now
2020-11-16 14:13:17,696:INFO:create_model_container: 14
2020-11-16 14:13:17,696:INFO:master_model_container: 14
2020-11-16 14:13:17,696:INFO:display_container: 1
2020-11-16 14:13:17,697:INFO:LGBMClassifier(boosting_type='gbdt', class_weight=None, colsample_bytree=1.0,
               importance_type='split', learning_rate=0.1, max_depth=-1,
               min_child_samples=20, min_child_weight=0.001, min_split_gain=0.0,
               n_estimators=100, n_jobs=-1, num_leaves=31, objective=None,
               random_state=123, reg_alpha=0.0, reg_lambda=0.0, silent=True,
               subsample=1.0, subsample_for_bin=200000, subsample_freq=0)
2020-11-16 14:13:17,697:INFO:create_model() succesfully completed......................................
2020-11-16 14:13:17,772:INFO:SubProcess create_model() end ==================================
2020-11-16 14:13:17,772:INFO:Creating metrics dataframe
2020-11-16 14:13:17,834:INFO:Initializing CatBoost Classifier
2020-11-16 14:13:17,834:INFO:Total runtime is 1.7788493871688846 minutes
2020-11-16 14:13:17,845:INFO:SubProcess create_model() called ==================================
2020-11-16 14:13:17,845:INFO:Initializing create_model()
2020-11-16 14:13:17,845:INFO:create_model(estimator=catboost, fold=StratifiedKFold(n_splits=10, random_state=123, shuffle=False), round=4, cross_validation=True, predict=True, fit_kwargs={}, groups=None, refit=False, verbose=False, system=False, metrics=None, display=<pycaret.internal.Display.Display object at 0x0000023BEF8CAAC0>, kwargs={})
2020-11-16 14:13:17,846:INFO:Checking exceptions
2020-11-16 14:13:17,846:INFO:Importing libraries
2020-11-16 14:13:17,846:INFO:Copying training dataset
2020-11-16 14:13:17,849:INFO:Defining folds
2020-11-16 14:13:17,849:INFO:Declaring metric variables
2020-11-16 14:13:17,859:INFO:Importing untrained model
2020-11-16 14:13:17,873:INFO:CatBoost Classifier Imported succesfully
2020-11-16 14:13:17,901:INFO:Starting cross validation
2020-11-16 14:13:17,902:INFO:Cross validating with StratifiedKFold(n_splits=10, random_state=123, shuffle=False), n_jobs=-1
2020-11-16 14:15:53,553:INFO:Calculating mean and std
2020-11-16 14:15:53,555:INFO:Creating metrics dataframe
2020-11-16 14:15:53,563:INFO:Uploading results into container
2020-11-16 14:15:53,563:INFO:Uploading model into container now
2020-11-16 14:15:53,563:INFO:create_model_container: 15
2020-11-16 14:15:53,563:INFO:master_model_container: 15
2020-11-16 14:15:53,564:INFO:display_container: 1
2020-11-16 14:15:53,564:INFO:<catboost.core.CatBoostClassifier object at 0x0000023BFA9F76A0>
2020-11-16 14:15:53,564:INFO:create_model() succesfully completed......................................
2020-11-16 14:15:53,650:INFO:SubProcess create_model() end ==================================
2020-11-16 14:15:53,651:INFO:Creating metrics dataframe
2020-11-16 14:15:53,757:INFO:Initializing create_model()
2020-11-16 14:15:53,757:INFO:create_model(estimator=RidgeClassifier(alpha=1.0, class_weight=None, copy_X=True, fit_intercept=True,
                max_iter=None, normalize=False, random_state=123, solver='auto',
                tol=0.001), fold=StratifiedKFold(n_splits=10, random_state=123, shuffle=False), round=4, cross_validation=False, predict=False, fit_kwargs={}, groups=None, refit=True, verbose=False, system=False, metrics=None, display=None, kwargs={})
2020-11-16 14:15:53,758:INFO:Checking exceptions
2020-11-16 14:15:53,758:INFO:Importing libraries
2020-11-16 14:15:53,758:INFO:Copying training dataset
2020-11-16 14:15:53,762:INFO:Defining folds
2020-11-16 14:15:53,762:INFO:Declaring metric variables
2020-11-16 14:15:53,762:INFO:Importing untrained model
2020-11-16 14:15:53,762:INFO:Declaring custom model
2020-11-16 14:15:53,763:INFO:Ridge Classifier Imported succesfully
2020-11-16 14:15:53,763:INFO:Cross validation set to False
2020-11-16 14:15:53,763:INFO:Fitting Model
2020-11-16 14:15:53,796:INFO:RidgeClassifier(alpha=1.0, class_weight=None, copy_X=True, fit_intercept=True,
                max_iter=None, normalize=False, random_state=123, solver='auto',
                tol=0.001)
2020-11-16 14:15:53,797:INFO:create_models() succesfully completed......................................
2020-11-16 14:15:54,055:INFO:create_model_container: 15
2020-11-16 14:15:54,055:INFO:master_model_container: 15
2020-11-16 14:15:54,055:INFO:display_container: 1
2020-11-16 14:15:54,056:INFO:RidgeClassifier(alpha=1.0, class_weight=None, copy_X=True, fit_intercept=True,
                max_iter=None, normalize=False, random_state=123, solver='auto',
                tol=0.001)
2020-11-16 14:15:54,056:INFO:compare_models() succesfully completed......................................
